<?xml version="1.0" encoding="UTF-8"?>
<testng-results skipped="0" failed="1" ignored="0" total="1" passed="0">
  <reporter-output>
  </reporter-output>
  <suite name="Default suite" duration-ms="22830" started-at="2023-05-28T11:29:25 IST" finished-at="2023-05-28T11:29:48 IST">
    <groups>
    </groups>
    <test name="Default test" duration-ms="22830" started-at="2023-05-28T11:29:25 IST" finished-at="2023-05-28T11:29:48 IST">
      <class name="test.Test_class">
        <test-method status="PASS" signature="openchrome()[pri:0, instance:test.Test_class@371a67ec]" name="openchrome" is-config="true" duration-ms="9435" started-at="2023-05-28T11:29:25 IST" finished-at="2023-05-28T11:29:34 IST">
          <reporter-output>
          </reporter-output>
        </test-method> <!-- openchrome -->
        <test-method status="PASS" signature="PreCondition()[pri:0, instance:test.Test_class@371a67ec]" name="PreCondition" is-config="true" duration-ms="8118" started-at="2023-05-28T11:29:34 IST" finished-at="2023-05-28T11:29:42 IST">
          <reporter-output>
          </reporter-output>
        </test-method> <!-- PreCondition -->
        <test-method status="FAIL" signature="Test()[pri:0, instance:test.Test_class@371a67ec]" name="Test" duration-ms="3028" started-at="2023-05-28T11:29:42 IST" finished-at="2023-05-28T11:29:45 IST">
          <exception class="java.lang.AssertionError">
            <message>
              <![CDATA[The following asserts failed:
Profile Name is Not Matching expected [DF435] but found [DF4359]]]>
            </message>
            <full-stacktrace>
              <![CDATA[java.lang.AssertionError: The following asserts failed:
Profile Name is Not Matching expected [DF435] but found [DF4359]
at org.testng.asserts.SoftAssert.assertAll(SoftAssert.java:47)
at org.testng.asserts.SoftAssert.assertAll(SoftAssert.java:31)
at pom.Verify_PN.VerifyProfileName(Verify_PN.java:30)
at test.Test_class.Test(Test_class.java:92)
at sun.reflect.NativeMethodAccessorImpl.invoke0(Native Method)
at sun.reflect.NativeMethodAccessorImpl.invoke(Unknown Source)
at sun.reflect.DelegatingMethodAccessorImpl.invoke(Unknown Source)
at java.lang.reflect.Method.invoke(Unknown Source)
at org.testng.internal.MethodInvocationHelper.invokeMethod(MethodInvocationHelper.java:132)
at org.testng.internal.TestInvoker.invokeMethod(TestInvoker.java:599)
at org.testng.internal.TestInvoker.invokeTestMethod(TestInvoker.java:174)
at org.testng.internal.MethodRunner.runInSequence(MethodRunner.java:46)
at org.testng.internal.TestInvoker$MethodInvocationAgent.invoke(TestInvoker.java:822)
at org.testng.internal.TestInvoker.invokeTestMethods(TestInvoker.java:147)
at org.testng.internal.TestMethodWorker.invokeTestMethods(TestMethodWorker.java:146)
at org.testng.internal.TestMethodWorker.run(TestMethodWorker.java:128)
at java.util.ArrayList.forEach(Unknown Source)
at org.testng.TestRunner.privateRun(TestRunner.java:764)
at org.testng.TestRunner.run(TestRunner.java:585)
at org.testng.SuiteRunner.runTest(SuiteRunner.java:384)
at org.testng.SuiteRunner.runSequentially(SuiteRunner.java:378)
at org.testng.SuiteRunner.privateRun(SuiteRunner.java:337)
at org.testng.SuiteRunner.run(SuiteRunner.java:286)
at org.testng.SuiteRunnerWorker.runSuite(SuiteRunnerWorker.java:53)
at org.testng.SuiteRunnerWorker.run(SuiteRunnerWorker.java:96)
at org.testng.TestNG.runSuitesSequentially(TestNG.java:1218)
at org.testng.TestNG.runSuitesLocally(TestNG.java:1140)
at org.testng.TestNG.runSuites(TestNG.java:1069)
at org.testng.TestNG.run(TestNG.java:1037)
at org.testng.remote.AbstractRemoteTestNG.run(AbstractRemoteTestNG.java:115)
at org.testng.remote.RemoteTestNG.initAndRun(RemoteTestNG.java:251)
at org.testng.remote.RemoteTestNG.main(RemoteTestNG.java:77)
]]>
            </full-stacktrace>
          </exception> <!-- java.lang.AssertionError -->
          <reporter-output>
          </reporter-output>
        </test-method> <!-- Test -->
        <test-method status="PASS" signature="PostCondition(org.testng.ITestResult)[pri:0, instance:test.Test_class@371a67ec]" name="PostCondition" is-config="true" duration-ms="679" started-at="2023-05-28T11:29:45 IST" finished-at="2023-05-28T11:29:46 IST">
          <params>
            <param index="0">
              <value>
                <![CDATA[[TestResult name=Test status=FAILURE method=Test_class.Test()[pri:0, instance:test.Test_class@371a67ec] output={null}]]]>
              </value>
            </param>
          </params>
          <reporter-output>
          </reporter-output>
        </test-method> <!-- PostCondition -->
        <test-method status="PASS" signature="CloseBrowser()[pri:0, instance:test.Test_class@371a67ec]" name="CloseBrowser" is-config="true" duration-ms="1458" started-at="2023-05-28T11:29:46 IST" finished-at="2023-05-28T11:29:48 IST">
          <reporter-output>
          </reporter-output>
        </test-method> <!-- CloseBrowser -->
      </class> <!-- test.Test_class -->
    </test> <!-- Default test -->
  </suite> <!-- Default suite -->
</testng-results>
